<?xml version="1.0" encoding="UTF-8"?>
<testng-results skipped="0" failed="1" ignored="0" total="1" passed="0">
  <reporter-output>
  </reporter-output>
  <suite name="Amazon Application" duration-ms="36599" started-at="2017-05-21T18:51:13Z" finished-at="2017-05-21T18:51:49Z">
    <groups>
    </groups>
    <test name="SmokeTestSuite" duration-ms="36599" started-at="2017-05-21T18:51:13Z" finished-at="2017-05-21T18:51:49Z">
      <class name="testclasses.Verify_Amazon_Login">
        <test-method status="PASS" signature="Hit_Amazon()[pri:0, instance:testclasses.Verify_Amazon_Login@18067a5]" name="Hit_Amazon" is-config="true" duration-ms="21378" started-at="2017-05-22T00:20:51Z" finished-at="2017-05-22T00:21:13Z">
          <reporter-output>
          </reporter-output>
        </test-method> <!-- Hit_Amazon -->
        <test-method status="PASS" signature="Verify_Login()[pri:0, instance:testclasses.Verify_Amazon_Login@18067a5]" name="Verify_Login" is-config="true" duration-ms="14017" started-at="2017-05-22T00:21:13Z" finished-at="2017-05-22T00:21:27Z">
          <reporter-output>
          </reporter-output>
        </test-method> <!-- Verify_Login -->
      </class> <!-- testclasses.Verify_Amazon_Login -->
      <class name="testclasses.Verify_Grid_On_Amazon_HomePage">
        <test-method status="PASS" signature="Current_Class_Setup()[pri:0, instance:testclasses.Verify_Grid_On_Amazon_HomePage@ecd4b]" name="Current_Class_Setup" is-config="true" duration-ms="11951" started-at="2017-05-22T00:21:27Z" finished-at="2017-05-22T00:21:39Z">
          <reporter-output>
          </reporter-output>
        </test-method> <!-- Current_Class_Setup -->
        <test-method status="FAIL" signature="Verify_LeftPan_Grids()[pri:0, instance:testclasses.Verify_Grid_On_Amazon_HomePage@ecd4b]" name="Verify_LeftPan_Grids" duration-ms="10535" started-at="2017-05-22T00:21:39Z" finished-at="2017-05-22T00:21:49Z">
          <exception class="org.openqa.selenium.TimeoutException">
            <message>
              <![CDATA[Expected condition failed: waiting for visibility of Proxy element for: DefaultElementLocator 'By.xpath: //a[contains(text(),'Amazon.com')]' (tried for 10 second(s) with 500 MILLISECONDS interval)]]>
            </message>
            <full-stacktrace>
              <![CDATA[org.openqa.selenium.TimeoutException: Expected condition failed: waiting for visibility of Proxy element for: DefaultElementLocator 'By.xpath: //a[contains(text(),'Amazon.com')]' (tried for 10 second(s) with 500 MILLISECONDS interval)
	at org.openqa.selenium.support.ui.WebDriverWait.timeoutException(WebDriverWait.java:80)
	at org.openqa.selenium.support.ui.FluentWait.until(FluentWait.java:232)
	at commonmethods.Wait.WaitForElement(Wait.java:14)
	at pageobjects.AmazonHome_Page.Get_AmazonDotCom_Link_Presence(AmazonHome_Page.java:62)
	at testclasses.Verify_Grid_On_Amazon_HomePage.Verify_LeftPan_Grids(Verify_Grid_On_Amazon_HomePage.java:40)
	at sun.reflect.NativeMethodAccessorImpl.invoke0(Native Method)
	at sun.reflect.NativeMethodAccessorImpl.invoke(Unknown Source)
	at sun.reflect.DelegatingMethodAccessorImpl.invoke(Unknown Source)
	at java.lang.reflect.Method.invoke(Unknown Source)
	at org.testng.internal.MethodInvocationHelper.invokeMethod(MethodInvocationHelper.java:108)
	at org.testng.internal.Invoker.invokeMethod(Invoker.java:661)
	at org.testng.internal.Invoker.invokeTestMethod(Invoker.java:869)
	at org.testng.internal.Invoker.invokeTestMethods(Invoker.java:1193)
	at org.testng.internal.TestMethodWorker.invokeTestMethods(TestMethodWorker.java:126)
	at org.testng.internal.TestMethodWorker.run(TestMethodWorker.java:109)
	at org.testng.TestRunner.privateRun(TestRunner.java:744)
	at org.testng.TestRunner.run(TestRunner.java:602)
	at org.testng.SuiteRunner.runTest(SuiteRunner.java:380)
	at org.testng.SuiteRunner.runSequentially(SuiteRunner.java:375)
	at org.testng.SuiteRunner.privateRun(SuiteRunner.java:340)
	at org.testng.SuiteRunner.run(SuiteRunner.java:289)
	at org.testng.SuiteRunnerWorker.runSuite(SuiteRunnerWorker.java:52)
	at org.testng.SuiteRunnerWorker.run(SuiteRunnerWorker.java:86)
	at org.testng.TestNG.runSuitesSequentially(TestNG.java:1301)
	at org.testng.TestNG.runSuitesLocally(TestNG.java:1226)
	at org.testng.TestNG.runSuites(TestNG.java:1144)
	at org.testng.TestNG.run(TestNG.java:1115)
	at org.testng.remote.AbstractRemoteTestNG.run(AbstractRemoteTestNG.java:132)
	at org.testng.remote.RemoteTestNG.initAndRun(RemoteTestNG.java:230)
	at org.testng.remote.RemoteTestNG.main(RemoteTestNG.java:76)
Caused by: org.openqa.selenium.NoSuchElementException: Unable to locate element: //a[contains(text(),'Amazon.com')]
For documentation on this error, please visit: http://seleniumhq.org/exceptions/no_such_element.html
Build info: version: '3.4.0', revision: 'unknown', time: 'unknown'
System info: host: 'SONY-PC', ip: '192.168.1.3', os.name: 'Windows 7', os.arch: 'x86', os.version: '6.1', java.version: '1.8.0_121'
Driver info: org.openqa.selenium.firefox.FirefoxDriver
Capabilities [{moz:profile=C:\Users\Sony\AppData\Local\Temp\rust_mozprofile.vLAfbLfnTTRu, rotatable=false, timeouts={implicit=0.0, pageLoad=300000.0, script=30000.0}, pageLoadStrategy=normal, platform=ANY, specificationLevel=0.0, moz:accessibilityChecks=false, acceptInsecureCerts=false, browserVersion=53.0.3, platformVersion=6.1, moz:processID=3616.0, browserName=firefox, javascriptEnabled=true, platformName=windows_nt}]
Session ID: 0e8fe6ea-7f91-42b9-8d84-c9a9543f8e79
*** Element info: {Using=xpath, value=//a[contains(text(),'Amazon.com')]}
	at sun.reflect.GeneratedConstructorAccessor25.newInstance(Unknown Source)
	at sun.reflect.DelegatingConstructorAccessorImpl.newInstance(Unknown Source)
	at java.lang.reflect.Constructor.newInstance(Unknown Source)
	at org.openqa.selenium.remote.http.W3CHttpResponseCodec.createException(W3CHttpResponseCodec.java:150)
	at org.openqa.selenium.remote.http.W3CHttpResponseCodec.decode(W3CHttpResponseCodec.java:115)
	at org.openqa.selenium.remote.http.W3CHttpResponseCodec.decode(W3CHttpResponseCodec.java:45)
	at org.openqa.selenium.remote.HttpCommandExecutor.execute(HttpCommandExecutor.java:164)
	at org.openqa.selenium.remote.service.DriverCommandExecutor.execute(DriverCommandExecutor.java:82)
	at org.openqa.selenium.remote.RemoteWebDriver.execute(RemoteWebDriver.java:637)
	at org.openqa.selenium.remote.RemoteWebDriver.findElement(RemoteWebDriver.java:410)
	at org.openqa.selenium.remote.RemoteWebDriver.findElementByXPath(RemoteWebDriver.java:509)
	at org.openqa.selenium.By$ByXPath.findElement(By.java:361)
	at org.openqa.selenium.remote.RemoteWebDriver.findElement(RemoteWebDriver.java:402)
	at org.openqa.selenium.support.pagefactory.DefaultElementLocator.findElement(DefaultElementLocator.java:69)
	at org.openqa.selenium.support.pagefactory.internal.LocatingElementHandler.invoke(LocatingElementHandler.java:38)
	at com.sun.proxy.$Proxy7.isDisplayed(Unknown Source)
	at org.openqa.selenium.support.ui.ExpectedConditions.elementIfVisible(ExpectedConditions.java:302)
	at org.openqa.selenium.support.ui.ExpectedConditions.access$100(ExpectedConditions.java:44)
	at org.openqa.selenium.support.ui.ExpectedConditions$10.apply(ExpectedConditions.java:288)
	at org.openqa.selenium.support.ui.ExpectedConditions$10.apply(ExpectedConditions.java:285)
	at org.openqa.selenium.support.ui.FluentWait.until(FluentWait.java:209)
	... 28 more
]]>
            </full-stacktrace>
          </exception> <!-- org.openqa.selenium.TimeoutException -->
          <reporter-output>
          </reporter-output>
        </test-method> <!-- Verify_LeftPan_Grids -->
      </class> <!-- testclasses.Verify_Grid_On_Amazon_HomePage -->
    </test> <!-- SmokeTestSuite -->
  </suite> <!-- Amazon Application -->
</testng-results>
